Using pre-set license
Built from '2020.2/release' branch; Version is '2020.2.0f1 (3721df5a8b28) revision 3613151'; Using compiler version '192528614'; Build Type 'Release'
OS: 'Windows 10  (10.0.0) 64bit' Language: 'tr' Physical Memory: 8136 MB
BatchMode: 1, IsHumanControllingUs: 0, StartBugReporterOnCrash: 0, Is64bit: 1, IsPro: 0

 COMMAND LINE ARGUMENTS:
D:\Unity\2020.2.0f1\Editor\Unity.exe
-adb2
-batchMode
-noUpm
-name
AssetImportWorker2
-projectPath
E:/GitHub/Defuse
-logFile
Logs/AssetImportWorker2.log
-srvPort
62021
Successfully changed project path to: E:/GitHub/Defuse
E:/GitHub/Defuse
Using Asset Import Pipeline V2.
Refreshing native plugins compatible for Editor in 160.52 ms, found 0 plugins.
Preloading 0 native plugins for Editor in 0.00 ms.
Initialize engine version: 2020.2.0f1 (3721df5a8b28)
[Subsystems] Discovering subsystems at path D:/Unity/2020.2.0f1/Editor/Data/Resources/UnitySubsystems
[Subsystems] Discovering subsystems at path E:/GitHub/Defuse/Assets
GfxDevice: creating device client; threaded=0
Direct3D:
    Version:  Direct3D 11.0 [level 11.1]
    Renderer: NVIDIA GeForce GTX 1060 3GB (ID=0x1c02)
    Vendor:   
    VRAM:     2988 MB
    Driver:   27.21.14.6172
Shader 'Universal Render Pipeline/Particles/Lit': fallback shader 'Universal Render Pipeline/Particles/SimpleLit' not found
Initialize mono
Mono path[0] = 'D:/Unity/2020.2.0f1/Editor/Data/Managed'
Mono path[1] = 'D:/Unity/2020.2.0f1/Editor/Data/MonoBleedingEdge/lib/mono/unityjit'
Mono config path = 'D:/Unity/2020.2.0f1/Editor/Data/MonoBleedingEdge/etc'
Using monoOptions --debugger-agent=transport=dt_socket,embedding=1,server=y,suspend=n,address=127.0.0.1:56628
Begin MonoManager ReloadAssembly
Registering precompiled unity dll's ...
Register platform support module: D:/Unity/2020.2.0f1/Editor/Data/PlaybackEngines/WindowsStandaloneSupport/UnityEditor.WindowsStandalone.Extensions.dll
Registered in 0.001059 seconds.
Native extension for WindowsStandalone target not found
Refreshing native plugins compatible for Editor in 61.21 ms, found 0 plugins.
Preloading 0 native plugins for Editor in 0.00 ms.
Invoked RoslynAnalysisRunner static constructor.
RoslynAnalysisRunner will not be running.
RoslynAnalysisRunner has terminated.
Mono: successfully reloaded assembly
- Completed reload, in  2.035 seconds
Platform modules already initialized, skipping
Registering precompiled user dll's ...
Registered in 0.002180 seconds.
Begin MonoManager ReloadAssembly
Error: Could not load signature of Unity.Android.Logcat.AndroidLogcat:.ctor due to: Could not load file or assembly 'UnityEditor.Android.Extensions, Version=1.0.0.0, Culture=neutral, PublicKeyToken=null' or one of its dependencies. assembly:UnityEditor.Android.Extensions, Version=1.0.0.0, Culture=neutral, PublicKeyToken=null type:<unknown type> member:(null) signature:<none>

Unloading broken assembly Library/ScriptAssemblies/Unity.Mobile.AndroidLogcat.Editor.dll, this assembly can cause crashes in the runtime

Native extension for WindowsStandalone target not found
Refreshing native plugins compatible for Editor in 73.10 ms, found 0 plugins.
Preloading 0 native plugins for Editor in 0.00 ms.
Invoked RoslynAnalysisRunner static constructor.
RoslynAnalysisRunner will not be running.
RoslynAnalysisRunner has terminated.
Mono: successfully reloaded assembly
- Completed reload, in  1.635 seconds
Platform modules already initialized, skipping
========================================================================
Worker process is ready to serve import requests
Shader 'Universal Render Pipeline/Particles/Lit': fallback shader 'Universal Render Pipeline/Particles/SimpleLit' not found
Launched and connected shader compiler UnityShaderCompiler.exe after 0.05 seconds
Refreshing native plugins compatible for Editor in 0.50 ms, found 0 plugins.
Preloading 0 native plugins for Editor in 0.00 ms.
Unloading 2594 Unused Serialized files (Serialized files now loaded: 0)
System memory in use before: 189.2 MB.
System memory in use after: 189.4 MB.

Unloading 25 unused Assets to reduce memory usage. Loaded Objects now: 3029.
Total: 2.978000 ms (FindLiveObjects: 0.747900 ms CreateObjectMapping: 0.189000 ms MarkObjects: 1.987600 ms  DeleteObjects: 0.051300 ms)

========================================================================
Received Import Request.
  path: Assets/Sprite/Light.png
  artifactKey: Guid(fc2acdd58c71a09458d790044cd5909c) Importer(815301076,1909f56bfc062723c751e8b465ee728b)
Start importing Assets/Sprite/Light.png using Guid(fc2acdd58c71a09458d790044cd5909c) Importer(815301076,1909f56bfc062723c751e8b465ee728b)  -> (artifact id: '8144db947c00f0075b07c55f48c17e0a') in 0.319855 seconds
  Import took 0.324878 seconds .

========================================================================
Received Import Request.
  Time since last request: 0.000155 seconds.
  path: Assets/Sprite/GreenButton.png
  artifactKey: Guid(a7dcfe1dba0dc5b40a991b11e3e4a06c) Importer(815301076,1909f56bfc062723c751e8b465ee728b)
Start importing Assets/Sprite/GreenButton.png using Guid(a7dcfe1dba0dc5b40a991b11e3e4a06c) Importer(815301076,1909f56bfc062723c751e8b465ee728b)  -> (artifact id: '89b841f1ff26c23887179417d336e47e') in 0.030717 seconds
  Import took 0.034755 seconds .

========================================================================
Received Import Request.
  Time since last request: 0.000188 seconds.
  path: Assets/Sprite/SimonSaysPanel.png
  artifactKey: Guid(efff8a10b6989b84e94eca523a2096c9) Importer(815301076,1909f56bfc062723c751e8b465ee728b)
Start importing Assets/Sprite/SimonSaysPanel.png using Guid(efff8a10b6989b84e94eca523a2096c9) Importer(815301076,1909f56bfc062723c751e8b465ee728b)  -> (artifact id: 'dc700822702fa0edfa4ff906e38d4013') in 0.056093 seconds
  Import took 0.059969 seconds .

========================================================================
Received Import Request.
  Time since last request: 0.000217 seconds.
  path: Assets/Sprite/SimonSays.png
  artifactKey: Guid(2e2f2b32535d0064badd24fd4bb67fef) Importer(815301076,1909f56bfc062723c751e8b465ee728b)
Start importing Assets/Sprite/SimonSays.png using Guid(2e2f2b32535d0064badd24fd4bb67fef) Importer(815301076,1909f56bfc062723c751e8b465ee728b)  -> (artifact id: '24ea962e3f2e6c4d52aef42eb287bd74') in 0.031221 seconds
  Import took 0.038105 seconds .

========================================================================
Received Import Request.
  Time since last request: 0.000215 seconds.
  path: Assets/Sprite/YellowButton.png
  artifactKey: Guid(87a204b5a47367146be7b2f71f5c6865) Importer(815301076,1909f56bfc062723c751e8b465ee728b)
Start importing Assets/Sprite/YellowButton.png using Guid(87a204b5a47367146be7b2f71f5c6865) Importer(815301076,1909f56bfc062723c751e8b465ee728b)  -> (artifact id: '0c45e591406cbf0e66cabc35e62862a2') in 0.022254 seconds
  Import took 0.026148 seconds .

========================================================================
Received Import Request.
  Time since last request: 0.000172 seconds.
  path: Assets/Sprite/BlueButton.png
  artifactKey: Guid(bc6d2f7a439ec024aade1ad2e2a5835b) Importer(815301076,1909f56bfc062723c751e8b465ee728b)
Start importing Assets/Sprite/BlueButton.png using Guid(bc6d2f7a439ec024aade1ad2e2a5835b) Importer(815301076,1909f56bfc062723c751e8b465ee728b)  -> (artifact id: 'ed580b5f84b460825dcdf9d1e30958f7') in 0.034871 seconds
  Import took 0.039186 seconds .

========================================================================
Received Import Request.
  Time since last request: 0.000177 seconds.
  path: Assets/Sprite/NumberMatch.png
  artifactKey: Guid(b57a00dd2fbcde841bfaf719fc5d0421) Importer(815301076,1909f56bfc062723c751e8b465ee728b)
Start importing Assets/Sprite/NumberMatch.png using Guid(b57a00dd2fbcde841bfaf719fc5d0421) Importer(815301076,1909f56bfc062723c751e8b465ee728b)  -> (artifact id: 'fd66c54d0f05ad903c0a715283309bb8') in 0.063750 seconds
  Import took 0.069234 seconds .

========================================================================
Received Import Request.
  Time since last request: 0.000224 seconds.
  path: Assets/Sprite/Wire_in.png
  artifactKey: Guid(639b9546b7f30364f81b1639d408ca1c) Importer(815301076,1909f56bfc062723c751e8b465ee728b)
Start importing Assets/Sprite/Wire_in.png using Guid(639b9546b7f30364f81b1639d408ca1c) Importer(815301076,1909f56bfc062723c751e8b465ee728b)  -> (artifact id: 'b94e9b3ed73a4ac0c7ff9212b8501d70') in 0.017655 seconds
  Import took 0.022761 seconds .

========================================================================
Received Import Request.
  Time since last request: 0.000183 seconds.
  path: Assets/Sprite/WireTask.png
  artifactKey: Guid(6dbaffaa58f610d4ea9437064fbaa19d) Importer(815301076,1909f56bfc062723c751e8b465ee728b)
Start importing Assets/Sprite/WireTask.png using Guid(6dbaffaa58f610d4ea9437064fbaa19d) Importer(815301076,1909f56bfc062723c751e8b465ee728b)  -> (artifact id: '572ea9aaa4ca27ce688573c68af16160') in 0.020716 seconds
  Import took 0.047914 seconds .

========================================================================
Received Import Request.
  Time since last request: 0.000182 seconds.
  path: Assets/Sprite/Wire_end.png
  artifactKey: Guid(0d8ecd9ff44c11c40a6c746f96b2af10) Importer(815301076,1909f56bfc062723c751e8b465ee728b)
Start importing Assets/Sprite/Wire_end.png using Guid(0d8ecd9ff44c11c40a6c746f96b2af10) Importer(815301076,1909f56bfc062723c751e8b465ee728b)  -> (artifact id: '5c41db286e3bb8937d6dce9874e599ab') in 0.019407 seconds
  Import took 0.023174 seconds .

========================================================================
Received Import Request.
  Time since last request: 0.000148 seconds.
  path: Assets/Sprite/RedButton.png
  artifactKey: Guid(9979115f3afc75e4e893b6b267e3eb63) Importer(815301076,1909f56bfc062723c751e8b465ee728b)
Start importing Assets/Sprite/RedButton.png using Guid(9979115f3afc75e4e893b6b267e3eb63) Importer(815301076,1909f56bfc062723c751e8b465ee728b)  -> (artifact id: '2fd1acba139e1c93f0ed5bf9f4c9d14e') in 0.018142 seconds
  Import took 0.022248 seconds .

========================================================================
Received Import Request.
  Time since last request: 0.000269 seconds.
  path: Assets/Sprite/Wire_start.png
  artifactKey: Guid(0e7d90e95a3c7d246aace1c82de16bf3) Importer(815301076,1909f56bfc062723c751e8b465ee728b)
Start importing Assets/Sprite/Wire_start.png using Guid(0e7d90e95a3c7d246aace1c82de16bf3) Importer(815301076,1909f56bfc062723c751e8b465ee728b)  -> (artifact id: '482b89595e87028250caf3163e49cec3') in 0.019059 seconds
  Import took 0.023062 seconds .

========================================================================
Received Import Request.
  Time since last request: 0.911389 seconds.
  path: Assets/Sprite/SimonSaysPanel.png
  artifactKey: Guid(efff8a10b6989b84e94eca523a2096c9) Importer(815301076,1909f56bfc062723c751e8b465ee728b)
Start importing Assets/Sprite/SimonSaysPanel.png using Guid(efff8a10b6989b84e94eca523a2096c9) Importer(815301076,1909f56bfc062723c751e8b465ee728b)  -> (artifact id: 'dc700822702fa0edfa4ff906e38d4013') in 0.008624 seconds
  Import took 0.014739 seconds .

========================================================================
Received Import Request.
  Time since last request: 35.327461 seconds.
  path: Assets/Prefabs/Bomb 2.prefab
  artifactKey: Guid(a44ba1a956e49e946b4731e5c2305846) Importer(815301076,1909f56bfc062723c751e8b465ee728b)
Start importing Assets/Prefabs/Bomb 2.prefab using Guid(a44ba1a956e49e946b4731e5c2305846) Importer(815301076,1909f56bfc062723c751e8b465ee728b)  -> (artifact id: '000c5cc2771e02d838fa47293bfdb49d') in 1.576439 seconds
  Import took 1.584534 seconds .

========================================================================
Received Prepare
Registering precompiled user dll's ...
Registered in 0.006513 seconds.
Begin MonoManager ReloadAssembly
Error: Could not load signature of Unity.Android.Logcat.AndroidLogcat:.ctor due to: Could not load file or assembly 'UnityEditor.Android.Extensions, Version=1.0.0.0, Culture=neutral, PublicKeyToken=null' or one of its dependencies. assembly:UnityEditor.Android.Extensions, Version=1.0.0.0, Culture=neutral, PublicKeyToken=null type:<unknown type> member:(null) signature:<none>

Unloading broken assembly Library/ScriptAssemblies/Unity.Mobile.AndroidLogcat.Editor.dll, this assembly can cause crashes in the runtime

Native extension for WindowsStandalone target not found
Refreshing native plugins compatible for Editor in 0.54 ms, found 0 plugins.
Preloading 0 native plugins for Editor in 0.00 ms.
Invoked RoslynAnalysisRunner static constructor.
RoslynAnalysisRunner will not be running.
RoslynAnalysisRunner has terminated.
Mono: successfully reloaded assembly
- Completed reload, in  1.237 seconds
Platform modules already initialized, skipping
Shader 'Universal Render Pipeline/Particles/Lit': fallback shader 'Universal Render Pipeline/Particles/SimpleLit' not found
Refreshing native plugins compatible for Editor in 0.85 ms, found 0 plugins.
Preloading 0 native plugins for Editor in 0.00 ms.
Unloading 2474 Unused Serialized files (Serialized files now loaded: 0)
System memory in use before: 190.5 MB.
System memory in use after: 190.7 MB.

Unloading 20 unused Assets to reduce memory usage. Loaded Objects now: 3086.
Total: 2.761700 ms (FindLiveObjects: 0.425200 ms CreateObjectMapping: 0.211400 ms MarkObjects: 2.085200 ms  DeleteObjects: 0.037800 ms)

========================================================================
Received Import Request.
  Time since last request: 7.955815 seconds.
  path: Assets/Prefabs/CanvasPrefabs/WireTask.prefab
  artifactKey: Guid(f420e6d8f47922842ac897c34c13a630) Importer(815301076,1909f56bfc062723c751e8b465ee728b)
Start importing Assets/Prefabs/CanvasPrefabs/WireTask.prefab using Guid(f420e6d8f47922842ac897c34c13a630) Importer(815301076,1909f56bfc062723c751e8b465ee728b)  -> (artifact id: '954cf8495f210df7e60cc33338517425') in 0.064630 seconds
  Import took 0.080531 seconds .

========================================================================
Received Import Request.
  Time since last request: 28.775358 seconds.
  path: Assets/Sprite/NumberMatch.png
  artifactKey: Guid(b57a00dd2fbcde841bfaf719fc5d0421) Importer(815301076,1909f56bfc062723c751e8b465ee728b)
Start importing Assets/Sprite/NumberMatch.png using Guid(b57a00dd2fbcde841bfaf719fc5d0421) Importer(815301076,1909f56bfc062723c751e8b465ee728b)  -> (artifact id: '9cfd796f29f5ec39ea8bc3d42fc87710') in 0.045860 seconds
  Import took 0.052930 seconds .

========================================================================
Received Import Request.
  Time since last request: 2.860617 seconds.
  path: Assets/Sprite/NumberMatch.png
  artifactKey: Guid(b57a00dd2fbcde841bfaf719fc5d0421) Importer(815301076,1909f56bfc062723c751e8b465ee728b)
Start importing Assets/Sprite/NumberMatch.png using Guid(b57a00dd2fbcde841bfaf719fc5d0421) Importer(815301076,1909f56bfc062723c751e8b465ee728b)  -> (artifact id: '47afe529a0d6213d6cc2b709a2dd9eb6') in 0.023193 seconds
  Import took 0.027571 seconds .

========================================================================
Received Import Request.
  Time since last request: 0.001995 seconds.
  path: Assets/Sprite/NumberMatch.png
  artifactKey: Guid(b57a00dd2fbcde841bfaf719fc5d0421) Importer(815301076,1909f56bfc062723c751e8b465ee728b)
Start importing Assets/Sprite/NumberMatch.png using Guid(b57a00dd2fbcde841bfaf719fc5d0421) Importer(815301076,1909f56bfc062723c751e8b465ee728b)  -> (artifact id: '47afe529a0d6213d6cc2b709a2dd9eb6') in 0.019764 seconds
  Import took 0.029253 seconds .

========================================================================
Received Import Request.
  Time since last request: 7.266932 seconds.
  path: Assets/Sprite/NumberMatch.png
  artifactKey: Guid(b57a00dd2fbcde841bfaf719fc5d0421) Importer(815301076,1909f56bfc062723c751e8b465ee728b)
Start importing Assets/Sprite/NumberMatch.png using Guid(b57a00dd2fbcde841bfaf719fc5d0421) Importer(815301076,1909f56bfc062723c751e8b465ee728b)  -> (artifact id: '27b4dd762d0b57eb862e35d9a041012d') in 0.033179 seconds
  Import took 0.039303 seconds .

========================================================================
Received Import Request.
  Time since last request: 3.216531 seconds.
  path: Assets/Sprite/NumberMatch.png
  artifactKey: Guid(b57a00dd2fbcde841bfaf719fc5d0421) Importer(815301076,1909f56bfc062723c751e8b465ee728b)
Start importing Assets/Sprite/NumberMatch.png using Guid(b57a00dd2fbcde841bfaf719fc5d0421) Importer(815301076,1909f56bfc062723c751e8b465ee728b)  -> (artifact id: '844947687a8168ae53344d49bdf426ea') in 0.020029 seconds
  Import took 0.110748 seconds .

========================================================================
Received Import Request.
  Time since last request: 14.268587 seconds.
  path: Assets/Sprite/NumberMatch.png
  artifactKey: Guid(b57a00dd2fbcde841bfaf719fc5d0421) Importer(815301076,1909f56bfc062723c751e8b465ee728b)
Start importing Assets/Sprite/NumberMatch.png using Guid(b57a00dd2fbcde841bfaf719fc5d0421) Importer(815301076,1909f56bfc062723c751e8b465ee728b)  -> (artifact id: 'be5d792757440a4bb9a7bc32e78a4274') in 0.041213 seconds
  Import took 0.046931 seconds .

========================================================================
Received Import Request.
  Time since last request: 17.554005 seconds.
  path: Assets/Sprite/NumberMatch.png
  artifactKey: Guid(b57a00dd2fbcde841bfaf719fc5d0421) Importer(815301076,1909f56bfc062723c751e8b465ee728b)
Start importing Assets/Sprite/NumberMatch.png using Guid(b57a00dd2fbcde841bfaf719fc5d0421) Importer(815301076,1909f56bfc062723c751e8b465ee728b)  -> (artifact id: '05ab07be3ffcf4998a24db9a1cb3e80a') in 0.042179 seconds
  Import took 0.064551 seconds .

========================================================================
Received Import Request.
  Time since last request: 22.016305 seconds.
  path: Assets/Sprite/NumberMatch.png
  artifactKey: Guid(b57a00dd2fbcde841bfaf719fc5d0421) Importer(815301076,1909f56bfc062723c751e8b465ee728b)
Start importing Assets/Sprite/NumberMatch.png using Guid(b57a00dd2fbcde841bfaf719fc5d0421) Importer(815301076,1909f56bfc062723c751e8b465ee728b)  -> (artifact id: 'b7e1c3833d18002177ae84c8ee4e8148') in 0.023811 seconds
  Import took 0.047821 seconds .

========================================================================
Received Import Request.
  Time since last request: 9.851057 seconds.
  path: Assets/Sprite/NumberMatch.png
  artifactKey: Guid(b57a00dd2fbcde841bfaf719fc5d0421) Importer(815301076,1909f56bfc062723c751e8b465ee728b)
Start importing Assets/Sprite/NumberMatch.png using Guid(b57a00dd2fbcde841bfaf719fc5d0421) Importer(815301076,1909f56bfc062723c751e8b465ee728b)  -> (artifact id: '67b9ad9a2e5ce8f440ea6c3cb6467184') in 0.031305 seconds
  Import took 0.039076 seconds .

========================================================================
Received Import Request.
  Time since last request: 3.524779 seconds.
  path: Assets/Sprite/NumberMatch.png
  artifactKey: Guid(b57a00dd2fbcde841bfaf719fc5d0421) Importer(815301076,1909f56bfc062723c751e8b465ee728b)
Start importing Assets/Sprite/NumberMatch.png using Guid(b57a00dd2fbcde841bfaf719fc5d0421) Importer(815301076,1909f56bfc062723c751e8b465ee728b)  -> (artifact id: 'a3dce4827a1f50741f19cc2e922252f7') in 0.037537 seconds
  Import took 0.042736 seconds .

========================================================================
Received Import Request.
  Time since last request: 4.514161 seconds.
  path: Assets/Sprite/NumberMatch.png
  artifactKey: Guid(b57a00dd2fbcde841bfaf719fc5d0421) Importer(815301076,1909f56bfc062723c751e8b465ee728b)
Start importing Assets/Sprite/NumberMatch.png using Guid(b57a00dd2fbcde841bfaf719fc5d0421) Importer(815301076,1909f56bfc062723c751e8b465ee728b)  -> (artifact id: '8217976eaadb72bc94f6a0be9e53945d') in 0.048767 seconds
  Import took 0.054502 seconds .

========================================================================
Received Import Request.
  Time since last request: 7.512558 seconds.
  path: Assets/Sprite/NumberMatch.png
  artifactKey: Guid(b57a00dd2fbcde841bfaf719fc5d0421) Importer(815301076,1909f56bfc062723c751e8b465ee728b)
Start importing Assets/Sprite/NumberMatch.png using Guid(b57a00dd2fbcde841bfaf719fc5d0421) Importer(815301076,1909f56bfc062723c751e8b465ee728b)  -> (artifact id: 'ed6d9cb3e42ff0b7367839814f51ac19') in 0.033913 seconds
  Import took 0.040361 seconds .

========================================================================
Received Import Request.
  Time since last request: 8.863342 seconds.
  path: Assets/Sprite/NumberMatch.png
  artifactKey: Guid(b57a00dd2fbcde841bfaf719fc5d0421) Importer(815301076,1909f56bfc062723c751e8b465ee728b)
Start importing Assets/Sprite/NumberMatch.png using Guid(b57a00dd2fbcde841bfaf719fc5d0421) Importer(815301076,1909f56bfc062723c751e8b465ee728b)  -> (artifact id: '6fb2a6ae645a7fc4c2767727814656a0') in 0.030815 seconds
  Import took 0.114914 seconds .

========================================================================
Received Import Request.
  Time since last request: 4.350753 seconds.
  path: Assets/Sprite/NumberMatch.png
  artifactKey: Guid(b57a00dd2fbcde841bfaf719fc5d0421) Importer(815301076,1909f56bfc062723c751e8b465ee728b)
Start importing Assets/Sprite/NumberMatch.png using Guid(b57a00dd2fbcde841bfaf719fc5d0421) Importer(815301076,1909f56bfc062723c751e8b465ee728b)  -> (artifact id: 'ea67f03e17a7fdc39ae46f73ceb2a669') in 0.034901 seconds
  Import took 0.039863 seconds .

========================================================================
Received Import Request.
  Time since last request: 5.536149 seconds.
  path: Assets/Sprite/NumberMatch.png
  artifactKey: Guid(b57a00dd2fbcde841bfaf719fc5d0421) Importer(815301076,1909f56bfc062723c751e8b465ee728b)
Start importing Assets/Sprite/NumberMatch.png using Guid(b57a00dd2fbcde841bfaf719fc5d0421) Importer(815301076,1909f56bfc062723c751e8b465ee728b)  -> (artifact id: '76c8fd56fdd1c50524b5ba01682431c5') in 0.041703 seconds
  Import took 0.049205 seconds .

========================================================================
Received Import Request.
  Time since last request: 252.427107 seconds.
  path: Assets/Sprite/NumberMatch.png
  artifactKey: Guid(b57a00dd2fbcde841bfaf719fc5d0421) Importer(815301076,1909f56bfc062723c751e8b465ee728b)
Start importing Assets/Sprite/NumberMatch.png using Guid(b57a00dd2fbcde841bfaf719fc5d0421) Importer(815301076,1909f56bfc062723c751e8b465ee728b)  -> (artifact id: '1056b70f2f5a182b823708301475a9da') in 0.091362 seconds
  Import took 0.101777 seconds .

========================================================================
Received Prepare
Registering precompiled user dll's ...
Registered in 0.001988 seconds.
Begin MonoManager ReloadAssembly
Error: Could not load signature of Unity.Android.Logcat.AndroidLogcat:.ctor due to: Could not load file or assembly 'UnityEditor.Android.Extensions, Version=1.0.0.0, Culture=neutral, PublicKeyToken=null' or one of its dependencies. assembly:UnityEditor.Android.Extensions, Version=1.0.0.0, Culture=neutral, PublicKeyToken=null type:<unknown type> member:(null) signature:<none>

Unloading broken assembly Library/ScriptAssemblies/Unity.Mobile.AndroidLogcat.Editor.dll, this assembly can cause crashes in the runtime

Native extension for WindowsStandalone target not found
Refreshing native plugins compatible for Editor in 0.68 ms, found 0 plugins.
Preloading 0 native plugins for Editor in 0.00 ms.
Invoked RoslynAnalysisRunner static constructor.
RoslynAnalysisRunner will not be running.
RoslynAnalysisRunner has terminated.
Mono: successfully reloaded assembly
- Completed reload, in  1.032 seconds
Platform modules already initialized, skipping
Shader 'Universal Render Pipeline/Particles/Lit': fallback shader 'Universal Render Pipeline/Particles/SimpleLit' not found
Refreshing native plugins compatible for Editor in 0.54 ms, found 0 plugins.
Preloading 0 native plugins for Editor in 0.00 ms.
Unloading 2475 Unused Serialized files (Serialized files now loaded: 0)
System memory in use before: 191.6 MB.
System memory in use after: 191.8 MB.

Unloading 20 unused Assets to reduce memory usage. Loaded Objects now: 3091.
Total: 2.434100 ms (FindLiveObjects: 0.338300 ms CreateObjectMapping: 0.182900 ms MarkObjects: 1.870800 ms  DeleteObjects: 0.040900 ms)

========================================================================
Received Prepare
Shader 'Universal Render Pipeline/Particles/Lit': fallback shader 'Universal Render Pipeline/Particles/SimpleLit' not found
Refreshing native plugins compatible for Editor in 4.05 ms, found 0 plugins.
Preloading 0 native plugins for Editor in 0.00 ms.
Unloading 21 Unused Serialized files (Serialized files now loaded: 0)
System memory in use before: 141.2 MB.
System memory in use after: 141.4 MB.

Unloading 18 unused Assets to reduce memory usage. Loaded Objects now: 3091.
Total: 2.672100 ms (FindLiveObjects: 0.341600 ms CreateObjectMapping: 0.160200 ms MarkObjects: 2.149300 ms  DeleteObjects: 0.019300 ms)

AssetImportWorkerClient::OnTransportError - code=2 error=End of file
